<?xml version="1.0" encoding="UTF-8"?>
<!-- Generated by org.testng.reporters.JUnitXMLReporter -->
<testsuite ignored="17" hostname="amit-IdeaPad-3-15ITL6" failures="1" tests="6" name="Login_Admin_Check_User" time="13.619" errors="0" timestamp="2024-08-23T17:46:55 IST">
  <testcase classname="Features.Login_Page" name="LaunchBrowser" time="0.836"/>
  <testcase classname="Features.Login_Page" name="VisitSite" time="4.314"/>
  <testcase classname="Features.Login_Page" name="Login" time="2.565"/>
  <testcase classname="Features.Login_Page" name="Clients" time="0.047"/>
  <testcase classname="Features.Login_Page" name="UserManagement" time="1.5"/>
  <testcase classname="Features.Login_Page" name="CheckUser" time="4.307">
    <failure type="org.openqa.selenium.WebDriverException" message="disconnected: received Inspector.detached event
  (failed to check if window was closed: disconnected: not connected to DevTools)
  (Session info: chrome=120.0.6099.224)
Build info: version: &amp;apos;4.23.1&amp;apos;, revision: &amp;apos;656257d8e9&amp;apos;
System info: os.name: &amp;apos;Linux&amp;apos;, os.arch: &amp;apos;amd64&amp;apos;, os.version: &amp;apos;6.8.0-40-generic&amp;apos;, java.version: &amp;apos;21.0.4&amp;apos;
Driver info: org.openqa.selenium.chrome.ChromeDriver
Command: [2e99191b55a2e8e5d12fa1976a3a333e, findElement {using=xpath, value=//td[@class=&amp;apos;dataTables_empty&amp;apos;]}]
Capabilities {acceptInsecureCerts: false, browserName: chrome, browserVersion: 120.0.6099.224, chrome: {chromedriverVersion: 120.0.6099.109 (3419140ab66..., userDataDir: /tmp/.org.chromium.Chromium...}, fedcm:accounts: true, goog:chromeOptions: {debuggerAddress: localhost:34981}, networkConnectionEnabled: false, pageLoadStrategy: normal, platformName: linux, proxy: Proxy(), se:cdp: ws://localhost:34981/devtoo..., se:cdpVersion: 120.0.6099.224, setWindowRect: true, strictFileInteractability: false, timeouts: {implicit: 0, pageLoad: 300000, script: 30000}, unhandledPromptBehavior: dismiss and notify, webauthn:extension:credBlob: true, webauthn:extension:largeBlob: true, webauthn:extension:minPinLength: true, webauthn:extension:prf: true, webauthn:virtualAuthenticators: true}
Session ID: 2e99191b55a2e8e5d12fa1976a3a333e">
      <![CDATA[org.openqa.selenium.WebDriverException: disconnected: received Inspector.detached event
  (failed to check if window was closed: disconnected: not connected to DevTools)
  (Session info: chrome=120.0.6099.224)
Build info: version: '4.23.1', revision: '656257d8e9'
System info: os.name: 'Linux', os.arch: 'amd64', os.version: '6.8.0-40-generic', java.version: '21.0.4'
Driver info: org.openqa.selenium.chrome.ChromeDriver
Command: [2e99191b55a2e8e5d12fa1976a3a333e, findElement {using=xpath, value=//td[@class='dataTables_empty']}]
Capabilities {acceptInsecureCerts: false, browserName: chrome, browserVersion: 120.0.6099.224, chrome: {chromedriverVersion: 120.0.6099.109 (3419140ab66..., userDataDir: /tmp/.org.chromium.Chromium...}, fedcm:accounts: true, goog:chromeOptions: {debuggerAddress: localhost:34981}, networkConnectionEnabled: false, pageLoadStrategy: normal, platformName: linux, proxy: Proxy(), se:cdp: ws://localhost:34981/devtoo..., se:cdpVersion: 120.0.6099.224, setWindowRect: true, strictFileInteractability: false, timeouts: {implicit: 0, pageLoad: 300000, script: 30000}, unhandledPromptBehavior: dismiss and notify, webauthn:extension:credBlob: true, webauthn:extension:largeBlob: true, webauthn:extension:minPinLength: true, webauthn:extension:prf: true, webauthn:virtualAuthenticators: true}
Session ID: 2e99191b55a2e8e5d12fa1976a3a333e
at org.openqa.selenium.remote.ErrorCodec.decode(ErrorCodec.java:167)
at org.openqa.selenium.remote.codec.w3c.W3CHttpResponseCodec.decode(W3CHttpResponseCodec.java:138)
at org.openqa.selenium.remote.codec.w3c.W3CHttpResponseCodec.decode(W3CHttpResponseCodec.java:50)
at org.openqa.selenium.remote.HttpCommandExecutor.execute(HttpCommandExecutor.java:190)
at org.openqa.selenium.remote.service.DriverCommandExecutor.invokeExecute(DriverCommandExecutor.java:216)
at org.openqa.selenium.remote.service.DriverCommandExecutor.execute(DriverCommandExecutor.java:174)
at org.openqa.selenium.remote.RemoteWebDriver.execute(RemoteWebDriver.java:545)
at org.openqa.selenium.remote.ElementLocation$ElementFinder$2.findElement(ElementLocation.java:165)
at org.openqa.selenium.remote.ElementLocation.findElement(ElementLocation.java:59)
at org.openqa.selenium.remote.RemoteWebDriver.findElement(RemoteWebDriver.java:368)
at org.openqa.selenium.remote.RemoteWebDriver.findElement(RemoteWebDriver.java:362)
at Features.Login_Page.CheckUser(Login_Page.java:176)
at java.base/java.util.ArrayList.forEach(ArrayList.java:1596)
... Removed 28 stack frames]]>
    </failure>
  </testcase> <!-- CheckUser -->
  <testcase classname="Features.Login_Page" name="WithdrawRequest" time="0.0">
    <ignored/>
  </testcase> <!-- WithdrawRequest -->
  <testcase classname="Features.Login_Page" name="EscrowAccount" time="0.0">
    <ignored/>
  </testcase> <!-- EscrowAccount -->
  <testcase classname="Features.Login_Page" name="CloseBrowser" time="0.0">
    <ignored/>
  </testcase> <!-- CloseBrowser -->
  <testcase classname="Features.Login_Page" name="BankInfo" time="0.0">
    <ignored/>
  </testcase> <!-- BankInfo -->
  <testcase classname="Features.Login_Page" name="DealsList" time="0.0">
    <ignored/>
  </testcase> <!-- DealsList -->
  <testcase classname="Features.Login_Page" name="CreateUser" time="0.0">
    <ignored/>
  </testcase> <!-- CreateUser -->
  <testcase classname="Features.Login_Page" name="Reports" time="0.0">
    <ignored/>
  </testcase> <!-- Reports -->
  <testcase classname="Features.Login_Page" name="FillForm" time="0.0">
    <ignored/>
  </testcase> <!-- FillForm -->
  <testcase classname="Features.Login_Page" name="KYC" time="0.0">
    <ignored/>
  </testcase> <!-- KYC -->
  <testcase classname="Features.Login_Page" name="Profile" time="0.0">
    <ignored/>
  </testcase> <!-- Profile -->
  <testcase classname="Features.Login_Page" name="AccountStatement" time="0.0">
    <ignored/>
  </testcase> <!-- AccountStatement -->
  <testcase classname="Features.Login_Page" name="GSTIN" time="0.0">
    <ignored/>
  </testcase> <!-- GSTIN -->
  <testcase classname="Features.Login_Page" name="Deals" time="0.0">
    <ignored/>
  </testcase> <!-- Deals -->
  <testcase classname="Features.Login_Page" name="ProfileDropdown" time="0.0">
    <ignored/>
  </testcase> <!-- ProfileDropdown -->
  <testcase classname="Features.Login_Page" name="Logout" time="0.0">
    <ignored/>
  </testcase> <!-- Logout -->
  <testcase classname="Features.Login_Page" name="TransactionReports" time="0.0">
    <ignored/>
  </testcase> <!-- TransactionReports -->
  <testcase classname="Features.Login_Page" name="Address" time="0.0">
    <ignored/>
  </testcase> <!-- Address -->
</testsuite> <!-- Login_Admin_Check_User -->
